app/build/intermediates/manifest_merge_blame_file/debug/manifest-merger-blame-debug-report.txt
1<?xml version="1.0" encoding="utf-8"?>
2<manifest xmlns:android="http://schemas.android.com/apk/res/android"
3    package="com.team.fantasy"
4    android:versionCode="1"
5    android:versionName="1.0" >
6
7    <uses-sdk
8        android:minSdkVersion="21"
8-->src\main\AndroidManifest.xml
9        android:targetSdkVersion="33" />
9-->src\main\AndroidManifest.xml
10
11    <uses-feature
11-->src\main\AndroidManifest.xml:5:5-7:36
12        android:name="android.hardware.telephony"
12-->src\main\AndroidManifest.xml:6:9-50
13        android:required="false" />
13-->src\main\AndroidManifest.xml:7:9-33
14    <uses-feature
14-->src\main\AndroidManifest.xml:8:5-10:36
15        android:name="android.hardware.camera"
15-->src\main\AndroidManifest.xml:9:9-47
16        android:required="false" />
16-->src\main\AndroidManifest.xml:10:9-33
17
18    <uses-permission
18-->src\main\AndroidManifest.xml:13:5-14:38
19        android:name="android.permission.READ_EXTERNAL_STORAGE"
19-->src\main\AndroidManifest.xml:13:22-77
20        android:maxSdkVersion="32" />
20-->src\main\AndroidManifest.xml:14:9-35
21    <uses-permission
21-->src\main\AndroidManifest.xml:15:5-17:40
22        android:name="android.permission.WRITE_EXTERNAL_STORAGE"
22-->src\main\AndroidManifest.xml:15:22-78
23        android:maxSdkVersion="32" />
23-->src\main\AndroidManifest.xml:16:9-35
24    <uses-permission android:name="android.permission.INTERNET" />
24-->src\main\AndroidManifest.xml:19:5-67
24-->src\main\AndroidManifest.xml:19:22-64
25    <uses-permission android:name="android.permission.ACCESS_NETWORK_STATE" />
25-->src\main\AndroidManifest.xml:20:5-79
25-->src\main\AndroidManifest.xml:20:22-76
26    <uses-permission android:name="android.permission.CALL_PHONE" />
26-->src\main\AndroidManifest.xml:21:5-69
26-->src\main\AndroidManifest.xml:21:22-66
27    <uses-permission android:name="android.permission.POST_NOTIFICATIONS" />
27-->src\main\AndroidManifest.xml:22:5-77
27-->src\main\AndroidManifest.xml:22:22-74
28    <uses-permission
28-->src\main\AndroidManifest.xml:23:5-70
29        android:name="android.permission.RECEIVE_SMS"
29-->src\main\AndroidManifest.xml:23:22-67
30        android:protectionLevel="signature" />
30-->[com.payu.custombrowser:payu-custom-browser:7.2.1] AndroidManifest.xml:14:9-44
31    <uses-permission android:name="android.permission.READ_SMS" />
31-->src\main\AndroidManifest.xml:24:5-67
31-->src\main\AndroidManifest.xml:24:22-64
32    <uses-permission android:name="android.permission.READ_PHONE_STATE" />
32-->src\main\AndroidManifest.xml:25:5-75
32-->src\main\AndroidManifest.xml:25:22-72
33    <uses-permission android:name="android.permission.REQUEST_INSTALL_PACKAGES" />
33-->src\main\AndroidManifest.xml:27:5-83
33-->src\main\AndroidManifest.xml:27:22-80
34    <uses-permission android:name="android.permission.CAMERA" />
34-->src\main\AndroidManifest.xml:28:5-65
34-->src\main\AndroidManifest.xml:28:22-62
35    <uses-permission android:name="android.permission.ACCESS_WIFI_STATE" /> <!-- Required by older versions of Google Play services to create GCM registration tokens -->
35-->[com.payumoney.core:payumoney-sdk:7.4.4] AndroidManifest.xml:13:5-76
35-->[com.payumoney.core:payumoney-sdk:7.4.4] AndroidManifest.xml:13:22-73
36    <uses-permission android:name="com.google.android.c2dm.permission.RECEIVE" />
36-->[com.google.android.gms:play-services-gcm:12.0.1] AndroidManifest.xml:23:5-82
36-->[com.google.android.gms:play-services-gcm:12.0.1] AndroidManifest.xml:23:22-79
37    <uses-permission android:name="android.permission.WAKE_LOCK" />
37-->[com.google.firebase:firebase-analytics:12.0.1] AndroidManifest.xml:25:5-68
37-->[com.google.firebase:firebase-analytics:12.0.1] AndroidManifest.xml:25:22-65
38
39    <uses-feature
39-->[com.google.android.gms:play-services-maps:12.0.1] AndroidManifest.xml:26:5-28:35
40        android:glEsVersion="0x00020000"
40-->[com.google.android.gms:play-services-maps:12.0.1] AndroidManifest.xml:27:9-41
41        android:required="true" />
41-->[com.google.android.gms:play-services-maps:12.0.1] AndroidManifest.xml:28:9-32
42
43    <permission
43-->[com.google.firebase:firebase-iid:12.0.1] AndroidManifest.xml:28:5-30:47
44        android:name="com.team.fantasy.permission.C2D_MESSAGE"
44-->[com.google.firebase:firebase-iid:12.0.1] AndroidManifest.xml:29:9-63
45        android:protectionLevel="signature" />
45-->[com.google.firebase:firebase-iid:12.0.1] AndroidManifest.xml:30:9-44
46
47    <uses-permission android:name="com.team.fantasy.permission.C2D_MESSAGE" />
47-->[com.google.firebase:firebase-iid:12.0.1] AndroidManifest.xml:32:5-79
47-->[com.google.firebase:firebase-iid:12.0.1] AndroidManifest.xml:32:22-76
48
49    <permission
49-->[androidx.core:core:1.9.0] AndroidManifest.xml:22:5-24:47
50        android:name="com.team.fantasy.DYNAMIC_RECEIVER_NOT_EXPORTED_PERMISSION"
50-->[androidx.core:core:1.9.0] AndroidManifest.xml:23:9-81
51        android:protectionLevel="signature" />
51-->[androidx.core:core:1.9.0] AndroidManifest.xml:24:9-44
52
53    <uses-permission android:name="com.team.fantasy.DYNAMIC_RECEIVER_NOT_EXPORTED_PERMISSION" />
53-->[androidx.core:core:1.9.0] AndroidManifest.xml:26:5-97
53-->[androidx.core:core:1.9.0] AndroidManifest.xml:26:22-94
54
55    <application
55-->src\main\AndroidManifest.xml:31:5-225:19
56        android:name="com.team.fantasy.application.BaseApplication"
56-->src\main\AndroidManifest.xml:32:9-52
57        android:allowBackup="false"
57-->src\main\AndroidManifest.xml:33:9-36
58        android:appComponentFactory="androidx.core.app.CoreComponentFactory"
58-->[androidx.core:core:1.9.0] AndroidManifest.xml:28:18-86
59        android:dataExtractionRules="@xml/data_extraction_rules"
59-->src\main\AndroidManifest.xml:44:9-65
60        android:debuggable="true"
60-->src\main\AndroidManifest.xml:34:9-34
61        android:icon="@mipmap/ic_launcher"
61-->src\main\AndroidManifest.xml:35:9-43
62        android:label="@string/app_name"
62-->src\main\AndroidManifest.xml:36:9-41
63        android:largeHeap="true"
63-->src\main\AndroidManifest.xml:37:9-33
64        android:roundIcon="@mipmap/ic_launcher"
64-->src\main\AndroidManifest.xml:38:9-48
65        android:supportsRtl="true"
65-->src\main\AndroidManifest.xml:39:9-35
66        android:testOnly="true"
67        android:theme="@style/AppTheme"
67-->src\main\AndroidManifest.xml:40:9-40
68        android:usesCleartextTraffic="true"
68-->src\main\AndroidManifest.xml:41:9-44
69        android:windowSoftInputMode="adjustPan" >
69-->[com.payumoney.core:payumoney-sdk:7.4.4] AndroidManifest.xml:27:9-48
70        <uses-library
70-->src\main\AndroidManifest.xml:48:9-50:40
71            android:name="org.apache.http.legacy"
71-->src\main\AndroidManifest.xml:49:13-50
72            android:required="false" />
72-->src\main\AndroidManifest.xml:50:13-37
73
74        <provider
75            android:name="androidx.core.content.FileProvider"
75-->src\main\AndroidManifest.xml:53:13-62
76            android:authorities="com.team.fantasy.provider"
76-->src\main\AndroidManifest.xml:54:13-60
77            android:exported="false"
77-->src\main\AndroidManifest.xml:55:13-37
78            android:grantUriPermissions="true" >
78-->src\main\AndroidManifest.xml:56:13-47
79            <meta-data
79-->src\main\AndroidManifest.xml:57:13-59:58
80                android:name="android.support.FILE_PROVIDER_PATHS"
80-->src\main\AndroidManifest.xml:58:17-67
81                android:resource="@xml/provider_paths" />
81-->src\main\AndroidManifest.xml:59:17-55
82        </provider>
83
84        <activity
84-->src\main\AndroidManifest.xml:62:9-71:20
85            android:name="com.team.fantasy.activity.SplashScreen"
85-->src\main\AndroidManifest.xml:63:13-50
86            android:exported="true"
86-->src\main\AndroidManifest.xml:64:13-36
87            android:screenOrientation="portrait" >
87-->src\main\AndroidManifest.xml:65:13-49
88            <intent-filter>
88-->src\main\AndroidManifest.xml:66:13-70:29
89                <action android:name="android.intent.action.MAIN" />
89-->src\main\AndroidManifest.xml:67:17-69
89-->src\main\AndroidManifest.xml:67:25-66
90
91                <category android:name="android.intent.category.LAUNCHER" />
91-->src\main\AndroidManifest.xml:69:17-77
91-->src\main\AndroidManifest.xml:69:27-74
92            </intent-filter>
93        </activity>
94        <activity
94-->src\main\AndroidManifest.xml:72:9-74:52
95            android:name="com.team.fantasy.activity.MainActivity"
95-->src\main\AndroidManifest.xml:73:13-50
96            android:screenOrientation="portrait" />
96-->src\main\AndroidManifest.xml:74:13-49
97        <activity
97-->src\main\AndroidManifest.xml:75:9-77:52
98            android:name="com.team.fantasy.activity.RegistrationActivity"
98-->src\main\AndroidManifest.xml:76:13-58
99            android:screenOrientation="portrait" />
99-->src\main\AndroidManifest.xml:77:13-49
100        <activity
100-->src\main\AndroidManifest.xml:78:9-80:52
101            android:name="com.team.fantasy.activity.HomeActivity"
101-->src\main\AndroidManifest.xml:79:13-50
102            android:screenOrientation="portrait" />
102-->src\main\AndroidManifest.xml:80:13-49
103        <activity
103-->src\main\AndroidManifest.xml:81:9-83:52
104            android:name="com.team.fantasy.activity.LoginActivity"
104-->src\main\AndroidManifest.xml:82:13-51
105            android:screenOrientation="portrait" />
105-->src\main\AndroidManifest.xml:83:13-49
106        <activity
106-->src\main\AndroidManifest.xml:84:9-86:52
107            android:name="com.team.fantasy.activity.VerifyOTPActivity"
107-->src\main\AndroidManifest.xml:85:13-55
108            android:screenOrientation="portrait" />
108-->src\main\AndroidManifest.xml:86:13-49
109
110        <receiver
110-->src\main\AndroidManifest.xml:88:9-94:20
111            android:name="com.team.fantasy.utils.IncomingSms"
111-->src\main\AndroidManifest.xml:89:13-46
112            android:exported="true" >
112-->src\main\AndroidManifest.xml:90:13-36
113            <intent-filter>
113-->src\main\AndroidManifest.xml:91:13-93:29
114                <action android:name="android.provider.Telephony.SMS_RECEIVED" />
114-->src\main\AndroidManifest.xml:92:17-82
114-->src\main\AndroidManifest.xml:92:25-79
115            </intent-filter>
116        </receiver>
117
118        <meta-data
118-->src\main\AndroidManifest.xml:96:9-98:55
119            android:name="com.facebook.sdk.ApplicationId"
119-->src\main\AndroidManifest.xml:97:13-58
120            android:value="@string/facebook_app_id" />
120-->src\main\AndroidManifest.xml:98:13-52
121
122        <activity
122-->src\main\AndroidManifest.xml:100:9-103:48
123            android:name="com.facebook.FacebookActivity"
123-->src\main\AndroidManifest.xml:101:13-57
124            android:configChanges="keyboard|keyboardHidden|screenLayout|screenSize|orientation"
124-->src\main\AndroidManifest.xml:102:13-96
125            android:label="@string/app_name"
125-->src\main\AndroidManifest.xml:103:13-45
126            android:theme="@style/com_facebook_activity_theme" />
126-->[com.facebook.android:facebook-common:4.37.0] AndroidManifest.xml:32:13-63
127        <activity
127-->src\main\AndroidManifest.xml:104:9-115:20
128            android:name="com.facebook.CustomTabActivity"
128-->src\main\AndroidManifest.xml:105:13-58
129            android:exported="true" >
129-->src\main\AndroidManifest.xml:106:13-36
130            <intent-filter>
130-->src\main\AndroidManifest.xml:107:13-114:29
131                <action android:name="android.intent.action.VIEW" />
131-->src\main\AndroidManifest.xml:108:17-69
131-->src\main\AndroidManifest.xml:108:25-66
132
133                <category android:name="android.intent.category.DEFAULT" />
133-->src\main\AndroidManifest.xml:110:17-76
133-->src\main\AndroidManifest.xml:110:27-73
134                <category android:name="android.intent.category.BROWSABLE" />
134-->src\main\AndroidManifest.xml:111:17-78
134-->src\main\AndroidManifest.xml:111:27-75
135
136                <data android:scheme="@string/fb_login_protocol_scheme" />
136-->src\main\AndroidManifest.xml:113:17-75
136-->src\main\AndroidManifest.xml:113:23-72
137            </intent-filter>
138        </activity>
139        <activity
139-->src\main\AndroidManifest.xml:116:9-118:52
140            android:name="com.team.fantasy.activity.ForgotVerifyOTPActivity"
140-->src\main\AndroidManifest.xml:117:13-61
141            android:screenOrientation="portrait" />
141-->src\main\AndroidManifest.xml:118:13-49
142        <activity
142-->src\main\AndroidManifest.xml:119:9-121:52
143            android:name="com.team.fantasy.activity.NewPasswordActivity"
143-->src\main\AndroidManifest.xml:120:13-57
144            android:screenOrientation="portrait" />
144-->src\main\AndroidManifest.xml:121:13-49
145        <activity
145-->src\main\AndroidManifest.xml:122:9-124:52
146            android:name="com.team.fantasy.activity.ContestListActivity"
146-->src\main\AndroidManifest.xml:123:13-57
147            android:screenOrientation="portrait" />
147-->src\main\AndroidManifest.xml:124:13-49
148        <activity
148-->src\main\AndroidManifest.xml:125:9-127:52
149            android:name="com.team.fantasy.activity.CreateTeamActivity"
149-->src\main\AndroidManifest.xml:126:13-56
150            android:screenOrientation="portrait" />
150-->src\main\AndroidManifest.xml:127:13-49
151        <activity
151-->src\main\AndroidManifest.xml:128:9-130:52
152            android:name="com.team.fantasy.activity.ChooseCandVCActivity"
152-->src\main\AndroidManifest.xml:129:13-58
153            android:screenOrientation="portrait" />
153-->src\main\AndroidManifest.xml:130:13-49
154        <activity
154-->src\main\AndroidManifest.xml:131:9-133:52
155            android:name="com.team.fantasy.activity.MyTeamListActivity"
155-->src\main\AndroidManifest.xml:132:13-56
156            android:screenOrientation="portrait" />
156-->src\main\AndroidManifest.xml:133:13-49
157        <activity
157-->src\main\AndroidManifest.xml:134:9-136:52
158            android:name="com.team.fantasy.activity.JoinContestActivity"
158-->src\main\AndroidManifest.xml:135:13-57
159            android:screenOrientation="portrait" />
159-->src\main\AndroidManifest.xml:136:13-49
160        <activity
160-->src\main\AndroidManifest.xml:137:9-139:52
161            android:name="com.team.fantasy.activity.MyJoinedFixtureContestListActivity"
161-->src\main\AndroidManifest.xml:138:13-72
162            android:screenOrientation="portrait" />
162-->src\main\AndroidManifest.xml:139:13-49
163        <activity
163-->src\main\AndroidManifest.xml:140:9-142:52
164            android:name="com.team.fantasy.activity.MyFixtureContestDetailsActivity"
164-->src\main\AndroidManifest.xml:141:13-69
165            android:screenOrientation="portrait" />
165-->src\main\AndroidManifest.xml:142:13-49
166        <activity
166-->src\main\AndroidManifest.xml:143:9-145:52
167            android:name="com.team.fantasy.activity.MyJoinedLiveContestListActivity"
167-->src\main\AndroidManifest.xml:144:13-69
168            android:screenOrientation="portrait" />
168-->src\main\AndroidManifest.xml:145:13-49
169        <activity
169-->src\main\AndroidManifest.xml:146:9-148:52
170            android:name="com.team.fantasy.activity.MyJoinedResultContestListActivity"
170-->src\main\AndroidManifest.xml:147:13-71
171            android:screenOrientation="portrait" />
171-->src\main\AndroidManifest.xml:148:13-49
172        <activity android:name="com.team.fantasy.activity.MyResultContestDetailsActivity" />
172-->src\main\AndroidManifest.xml:149:9-77
172-->src\main\AndroidManifest.xml:149:19-74
173        <activity android:name="com.team.fantasy.activity.MyLiveContestDetailsActivity" />
173-->src\main\AndroidManifest.xml:150:9-75
173-->src\main\AndroidManifest.xml:150:19-72
174        <activity android:name="com.team.fantasy.activity.PaymentOptionActivity" />
174-->src\main\AndroidManifest.xml:151:9-68
174-->src\main\AndroidManifest.xml:151:19-65
175        <activity android:name="com.team.fantasy.activity.MyAccountActivity" />
175-->src\main\AndroidManifest.xml:152:9-64
175-->src\main\AndroidManifest.xml:152:19-61
176        <activity android:name="com.team.fantasy.activity.PaytmActivity" />
176-->src\main\AndroidManifest.xml:153:9-60
176-->src\main\AndroidManifest.xml:153:19-57
177        <activity
177-->src\main\AndroidManifest.xml:154:9-157:52
178            android:name="com.paytm.pgsdk.PaytmPGActivity"
178-->src\main\AndroidManifest.xml:155:13-59
179            android:configChanges="keyboardHidden|orientation|keyboard"
179-->src\main\AndroidManifest.xml:156:13-72
180            android:screenOrientation="portrait" />
180-->src\main\AndroidManifest.xml:157:13-49
181        <activity
181-->src\main\AndroidManifest.xml:158:9-160:52
182            android:name="com.team.fantasy.activity.EditProfileActivity"
182-->src\main\AndroidManifest.xml:159:13-57
183            android:screenOrientation="portrait" />
183-->src\main\AndroidManifest.xml:160:13-49
184        <activity
184-->src\main\AndroidManifest.xml:161:9-163:52
185            android:name="com.team.fantasy.activity.AddCashActivity"
185-->src\main\AndroidManifest.xml:162:13-53
186            android:screenOrientation="portrait" />
186-->src\main\AndroidManifest.xml:163:13-49
187        <activity
187-->src\main\AndroidManifest.xml:164:9-166:52
188            android:name="com.team.fantasy.activity.MyTransactionActivity"
188-->src\main\AndroidManifest.xml:165:13-59
189            android:screenOrientation="portrait" />
189-->src\main\AndroidManifest.xml:166:13-49
190        <activity
190-->src\main\AndroidManifest.xml:167:9-169:52
191            android:name="com.team.fantasy.activity.NotificationActivity"
191-->src\main\AndroidManifest.xml:168:13-58
192            android:screenOrientation="portrait" />
192-->src\main\AndroidManifest.xml:169:13-49
193        <activity
193-->src\main\AndroidManifest.xml:170:9-172:52
194            android:name="com.team.fantasy.activity.InviteFriendsActivity"
194-->src\main\AndroidManifest.xml:171:13-59
195            android:screenOrientation="portrait" />
195-->src\main\AndroidManifest.xml:172:13-49
196        <activity android:name="com.team.fantasy.activity.InvitedFriendListActivity" />
196-->src\main\AndroidManifest.xml:173:9-72
196-->src\main\AndroidManifest.xml:173:19-69
197        <activity
197-->src\main\AndroidManifest.xml:174:9-176:52
198            android:name="com.team.fantasy.activity.PaymentConfirmationActivity"
198-->src\main\AndroidManifest.xml:175:13-65
199            android:screenOrientation="portrait" />
199-->src\main\AndroidManifest.xml:176:13-49
200        <activity android:name="com.team.fantasy.activity.WebviewAcitivity" />
200-->src\main\AndroidManifest.xml:177:9-63
200-->src\main\AndroidManifest.xml:177:19-60
201        <activity android:name="com.team.fantasy.activity.WithdrawAmountActivity" />
201-->src\main\AndroidManifest.xml:178:9-69
201-->src\main\AndroidManifest.xml:178:19-66
202        <activity android:name="com.team.fantasy.activity.PayUMoneyPaymentActivity" />
202-->src\main\AndroidManifest.xml:179:9-71
202-->src\main\AndroidManifest.xml:179:19-68
203        <activity
203-->src\main\AndroidManifest.xml:180:9-182:52
204            android:name="com.team.fantasy.activity.GlobalRankActivity"
204-->src\main\AndroidManifest.xml:181:13-56
205            android:screenOrientation="portrait" />
205-->src\main\AndroidManifest.xml:182:13-49
206        <activity
206-->src\main\AndroidManifest.xml:183:9-185:39
207            android:name="com.payu.custombrowser.PreLollipopPaymentsActivity"
207-->src\main\AndroidManifest.xml:184:13-78
208            android:exported="true" >
208-->src\main\AndroidManifest.xml:185:13-36
209            <intent-filter>
209-->[com.payu.custombrowser:payu-custom-browser:7.2.1] AndroidManifest.xml:28:13-35:29
210                <data android:scheme="com.team.fantasy.success" />
210-->src\main\AndroidManifest.xml:113:17-75
210-->src\main\AndroidManifest.xml:113:23-72
211
212                <action android:name="android.intent.action.VIEW" />
212-->src\main\AndroidManifest.xml:108:17-69
212-->src\main\AndroidManifest.xml:108:25-66
213
214                <category android:name="android.intent.category.DEFAULT" />
214-->src\main\AndroidManifest.xml:110:17-76
214-->src\main\AndroidManifest.xml:110:27-73
215                <category android:name="android.intent.category.BROWSABLE" />
215-->src\main\AndroidManifest.xml:111:17-78
215-->src\main\AndroidManifest.xml:111:27-75
216            </intent-filter>
217            <intent-filter>
217-->[com.payu.custombrowser:payu-custom-browser:7.2.1] AndroidManifest.xml:36:13-43:29
218                <data android:scheme="com.team.fantasy.failure" />
218-->src\main\AndroidManifest.xml:113:17-75
218-->src\main\AndroidManifest.xml:113:23-72
219
220                <action android:name="android.intent.action.VIEW" />
220-->src\main\AndroidManifest.xml:108:17-69
220-->src\main\AndroidManifest.xml:108:25-66
221
222                <category android:name="android.intent.category.DEFAULT" />
222-->src\main\AndroidManifest.xml:110:17-76
222-->src\main\AndroidManifest.xml:110:27-73
223                <category android:name="android.intent.category.BROWSABLE" />
223-->src\main\AndroidManifest.xml:111:17-78
223-->src\main\AndroidManifest.xml:111:27-75
224            </intent-filter>
225        </activity>
226
227        <service
227-->src\main\AndroidManifest.xml:187:9-194:19
228            android:name="com.team.fantasy.FirebaseMessagingService"
228-->src\main\AndroidManifest.xml:188:13-53
229            android:enabled="true"
229-->src\main\AndroidManifest.xml:189:13-35
230            android:exported="true" >
230-->src\main\AndroidManifest.xml:190:13-36
231            <intent-filter>
231-->src\main\AndroidManifest.xml:191:13-193:29
232                <action android:name="com.google.firebase.MESSAGING_EVENT" />
232-->src\main\AndroidManifest.xml:192:17-78
232-->src\main\AndroidManifest.xml:192:25-75
233            </intent-filter>
234        </service>
235        <service
235-->src\main\AndroidManifest.xml:195:9-202:19
236            android:name="com.team.fantasy.FirebaseInstanceIDService"
236-->src\main\AndroidManifest.xml:196:13-54
237            android:enabled="true"
237-->src\main\AndroidManifest.xml:197:13-35
238            android:exported="true" >
238-->src\main\AndroidManifest.xml:198:13-36
239            <intent-filter>
239-->src\main\AndroidManifest.xml:199:13-201:29
240                <action android:name="com.google.firebase.INSTANCE_ID_EVENT" />
240-->src\main\AndroidManifest.xml:200:17-80
240-->src\main\AndroidManifest.xml:200:25-77
241            </intent-filter>
242        </service>
243
244        <activity
244-->src\main\AndroidManifest.xml:204:9-206:52
245            android:name="com.team.fantasy.activity.UploadKYCActivity"
245-->src\main\AndroidManifest.xml:205:13-55
246            android:screenOrientation="portrait" />
246-->src\main\AndroidManifest.xml:206:13-49
247        <activity
247-->src\main\AndroidManifest.xml:207:9-209:52
248            android:name="com.team.fantasy.activity.CreateContestActivity"
248-->src\main\AndroidManifest.xml:208:13-59
249            android:screenOrientation="portrait" />
249-->src\main\AndroidManifest.xml:209:13-49
250        <activity
250-->src\main\AndroidManifest.xml:210:9-212:52
251            android:name="com.team.fantasy.activity.SelectPrizeCreateActivity"
251-->src\main\AndroidManifest.xml:211:13-63
252            android:screenOrientation="portrait" />
252-->src\main\AndroidManifest.xml:212:13-49
253        <activity
253-->src\main\AndroidManifest.xml:213:9-215:52
254            android:name="com.team.fantasy.activity.EnterInviteCodeContestActivity"
254-->src\main\AndroidManifest.xml:214:13-68
255            android:screenOrientation="portrait" />
255-->src\main\AndroidManifest.xml:215:13-49
256        <activity
256-->src\main\AndroidManifest.xml:216:9-218:52
257            android:name="com.team.fantasy.activity.InviteInContestActivity"
257-->src\main\AndroidManifest.xml:217:13-61
258            android:screenOrientation="portrait" />
258-->src\main\AndroidManifest.xml:218:13-49
259        <activity
259-->src\main\AndroidManifest.xml:219:9-221:52
260            android:name="com.team.fantasy.activity.TrakNPayActivity"
260-->src\main\AndroidManifest.xml:220:13-54
261            android:screenOrientation="portrait" />
261-->src\main\AndroidManifest.xml:221:13-49
262        <activity
262-->src\main\AndroidManifest.xml:222:9-224:52
263            android:name="com.team.fantasy.activity.CashfreeActivity"
263-->src\main\AndroidManifest.xml:223:13-54
264            android:screenOrientation="portrait" />
264-->src\main\AndroidManifest.xml:224:13-49
265        <activity
265-->[com.payumoney.sdkui:plug-n-play:1.4.5] AndroidManifest.xml:19:9-24:55
266            android:name="com.payumoney.sdkui.ui.activities.PayUmoneyActivity"
266-->[com.payumoney.sdkui:plug-n-play:1.4.5] AndroidManifest.xml:20:13-79
267            android:label="@string/title_activity_citrus"
267-->[com.payumoney.sdkui:plug-n-play:1.4.5] AndroidManifest.xml:21:13-58
268            android:screenOrientation="portrait"
268-->[com.payumoney.sdkui:plug-n-play:1.4.5] AndroidManifest.xml:22:13-49
269            android:theme="@style/PayumoneyAppTheme"
269-->[com.payumoney.sdkui:plug-n-play:1.4.5] AndroidManifest.xml:23:13-53
270            android:windowSoftInputMode="adjustPan" />
270-->[com.payumoney.sdkui:plug-n-play:1.4.5] AndroidManifest.xml:24:13-52
271        <activity
271-->[com.payumoney.sdkui:plug-n-play:1.4.5] AndroidManifest.xml:25:9-28:56
272            android:name="com.payumoney.sdkui.ui.activities.ReviewOrderActivity"
272-->[com.payumoney.sdkui:plug-n-play:1.4.5] AndroidManifest.xml:26:13-81
273            android:screenOrientation="portrait"
273-->[com.payumoney.sdkui:plug-n-play:1.4.5] AndroidManifest.xml:27:13-49
274            android:theme="@style/PayumoneyAppTheme" />
274-->[com.payumoney.sdkui:plug-n-play:1.4.5] AndroidManifest.xml:28:13-53
275        <activity
275-->[com.payumoney.core:payumoney-sdk:7.4.4] AndroidManifest.xml:28:9-31:72
276            android:name="com.payumoney.core.SdkWebViewActivityNew"
276-->[com.payumoney.core:payumoney-sdk:7.4.4] AndroidManifest.xml:29:13-68
277            android:screenOrientation="portrait"
277-->[com.payumoney.core:payumoney-sdk:7.4.4] AndroidManifest.xml:30:13-49
278            android:theme="@style/Theme.AppCompat.Light.NoActionBar" />
278-->[com.payumoney.core:payumoney-sdk:7.4.4] AndroidManifest.xml:31:13-69
279        <activity
279-->[com.payumoney.core:payumoney-sdk:7.4.4] AndroidManifest.xml:32:9-37:59
280            android:name="com.payu.custombrowser.CBActivity"
280-->[com.payumoney.core:payumoney-sdk:7.4.4] AndroidManifest.xml:33:13-61
281            android:screenOrientation="portrait"
281-->[com.payumoney.core:payumoney-sdk:7.4.4] AndroidManifest.xml:34:13-49
282            android:theme="@style/Theme.AppCompat"
282-->[com.payumoney.core:payumoney-sdk:7.4.4] AndroidManifest.xml:35:13-51
283            android:windowSoftInputMode="stateAlwaysHidden" />
283-->[com.payumoney.core:payumoney-sdk:7.4.4] AndroidManifest.xml:36:13-60
284        <activity android:name="com.facebook.CustomTabMainActivity" />
284-->[com.facebook.android:facebook-common:4.37.0] AndroidManifest.xml:33:9-71
284-->[com.facebook.android:facebook-common:4.37.0] AndroidManifest.xml:33:19-68
285
286        <receiver android:name="com.google.android.gms.cast.framework.media.MediaIntentReceiver" />
286-->[com.google.android.gms:play-services-cast-framework:12.0.1] AndroidManifest.xml:8:9-100
286-->[com.google.android.gms:play-services-cast-framework:12.0.1] AndroidManifest.xml:8:19-97
287
288        <service android:name="com.google.android.gms.cast.framework.media.MediaNotificationService" />
288-->[com.google.android.gms:play-services-cast-framework:12.0.1] AndroidManifest.xml:10:9-104
288-->[com.google.android.gms:play-services-cast-framework:12.0.1] AndroidManifest.xml:10:18-101
289        <service android:name="com.google.android.gms.cast.framework.ReconnectionService" />
289-->[com.google.android.gms:play-services-cast-framework:12.0.1] AndroidManifest.xml:11:9-93
289-->[com.google.android.gms:play-services-cast-framework:12.0.1] AndroidManifest.xml:11:18-90
290        <service android:name="com.payu.custombrowser.services.SnoozeService" />
290-->[com.payu.custombrowser:payu-custom-browser:7.2.1] AndroidManifest.xml:22:9-81
290-->[com.payu.custombrowser:payu-custom-browser:7.2.1] AndroidManifest.xml:22:18-78
291
292        <activity
292-->[com.payu.custombrowser:payu-custom-browser:7.2.1] AndroidManifest.xml:24:9-26:56
293            android:name="com.payu.custombrowser.upiintent.PaymentResponseActivity"
293-->[com.payu.custombrowser:payu-custom-browser:7.2.1] AndroidManifest.xml:25:13-84
294            android:theme="@style/Theme.Transparent" />
294-->[com.payu.custombrowser:payu-custom-browser:7.2.1] AndroidManifest.xml:26:13-53
295        <activity android:name="com.payu.custombrowser.PrePaymentsActivity" />
295-->[com.payu.custombrowser:payu-custom-browser:7.2.1] AndroidManifest.xml:45:9-79
295-->[com.payu.custombrowser:payu-custom-browser:7.2.1] AndroidManifest.xml:45:19-76
296        <activity android:name="com.payu.magicretry.MainActivity" >
296-->[com.payu.magicretry:magicretry:1.0.6] AndroidManifest.xml:12:9-21:20
296-->[com.payu.magicretry:magicretry:1.0.6] AndroidManifest.xml:12:19-66
297
298            <!--
299            intent-filter>
300                <action android:name="android.intent.action.MAIN" />
301
302                <category android:name="android.intent.category.LAUNCHER" />
303            </intent-filter
304            -->
305        </activity>
306        <activity
306-->[com.google.android.gms:play-services-auth:12.0.1] AndroidManifest.xml:23:9-27:75